{
  "RSpec": {
    "coverage": {
      "/home/renato/Área de Trabalho/code7even/app/models/user.rb": [
        null,
        1,
        1,
        1,
        null,
        null,
        1,
        1,
        1,
        1,
        1,
        1,
        null,
        1,
        null,
        null,
        1,
        null,
        null
      ],
      "/home/renato/Área de Trabalho/code7even/app/models/application_record.rb": [
        null,
        1,
        1,
        null
      ],
      "/home/renato/Área de Trabalho/code7even/app/uploaders/file_uploader.rb": [
        null,
        1,
        null,
        null,
        null,
        null,
        null,
        1,
        null,
        null,
        null,
        null,
        1,
        0,
        null,
        null,
        null,
        null,
        null,
        null,
        null,
        null,
        null,
        null,
        null,
        null,
        null,
        null,
        null,
        null,
        null,
        null,
        null,
        null,
        null,
        null,
        1,
        0,
        null,
        null,
        null,
        null,
        null,
        null,
        null
      ],
      "/home/renato/Área de Trabalho/code7even/app/helpers/application_helper.rb": [
        1,
        null
      ],
      "/home/renato/Área de Trabalho/code7even/app/helpers/home_helper.rb": [
        1,
        null
      ],
      "/home/renato/Área de Trabalho/code7even/app/controllers/api/v1/clients_controller.rb": [
        1,
        1,
        null,
        1,
        1,
        1,
        0,
        0,
        null,
        null,
        null,
        null
      ],
      "/home/renato/Área de Trabalho/code7even/app/controllers/application_controller.rb": [
        1,
        null,
        null,
        1,
        1,
        1,
        null,
        1,
        null
      ],
      "/home/renato/Área de Trabalho/code7even/lib/application_responder.rb": [
        1,
        1,
        1,
        null,
        null,
        null,
        null,
        null
      ],
      "/home/renato/Área de Trabalho/code7even/app/controllers/api/v1/members_controller.rb": [
        1,
        1,
        null,
        1,
        1,
        1,
        0,
        0,
        null,
        null,
        null,
        null
      ],
      "/home/renato/Área de Trabalho/code7even/app/controllers/api/v1/services_controller.rb": [
        1,
        1,
        null,
        1,
        1,
        1,
        0,
        0,
        null,
        null,
        null,
        null
      ],
      "/home/renato/Área de Trabalho/code7even/app/controllers/home_controller.rb": [
        null,
        1,
        1,
        0,
        0,
        null,
        null
      ],
      "/home/renato/Área de Trabalho/code7even/app/mailers/contact_mailer.rb": [
        1,
        null,
        1,
        null,
        null,
        null,
        null,
        null,
        1,
        0,
        0,
        null,
        null,
        null,
        null,
        null,
        null,
        null,
        1,
        0,
        0,
        null,
        null
      ],
      "/home/renato/Área de Trabalho/code7even/app/mailers/application_mailer.rb": [
        1,
        1,
        1,
        null
      ],
      "/home/renato/Área de Trabalho/code7even/app/mailers/newsletter_mailer.rb": [
        1,
        null,
        1,
        null,
        null,
        null,
        null,
        null,
        1,
        0,
        0,
        null,
        null,
        null,
        null,
        null,
        null,
        null,
        1,
        0,
        0,
        null,
        null
      ],
      "/home/renato/Área de Trabalho/code7even/app/models/client.rb": [
        null,
        1,
        1,
        1,
        null,
        1,
        1,
        null,
        1,
        null,
        null,
        null,
        null,
        null,
        1,
        null,
        null,
        null,
        null,
        null,
        1,
        null,
        null,
        null,
        null,
        null
      ],
      "/home/renato/Área de Trabalho/code7even/app/models/member.rb": [
        null,
        1,
        1,
        1,
        null,
        1,
        1,
        null,
        1,
        null,
        null,
        null,
        null,
        null,
        1,
        null,
        null,
        null,
        null,
        null,
        1,
        null,
        null,
        null,
        null,
        null
      ],
      "/home/renato/Área de Trabalho/code7even/app/models/newsletter.rb": [
        null,
        1,
        1,
        1,
        null,
        1,
        null,
        1,
        0,
        null,
        null,
        1,
        0,
        0,
        0,
        0,
        null,
        null,
        1,
        0,
        0,
        0,
        null,
        null,
        1,
        null,
        null,
        null,
        null,
        null,
        1,
        null,
        null,
        null,
        null,
        null,
        1,
        null,
        null
      ],
      "/home/renato/Área de Trabalho/code7even/app/models/partner.rb": [
        null,
        1,
        1,
        1,
        null,
        1,
        1,
        null,
        1,
        null,
        null,
        null,
        null,
        null,
        1,
        null,
        null,
        null,
        null,
        null,
        1,
        null,
        null,
        null,
        null,
        null
      ],
      "/home/renato/Área de Trabalho/code7even/app/models/post.rb": [
        null,
        1,
        1,
        1,
        null,
        1,
        1,
        null,
        1,
        null,
        1,
        null,
        null,
        null,
        null,
        null,
        1,
        null,
        null,
        null,
        null,
        null,
        1,
        null,
        null,
        null,
        null,
        null,
        1,
        null,
        null,
        null,
        1,
        null,
        null,
        null,
        null,
        null,
        1,
        null,
        null,
        null,
        null,
        null
      ],
      "/home/renato/Área de Trabalho/code7even/app/models/service.rb": [
        null,
        1,
        1,
        1,
        null,
        1,
        null,
        1,
        null,
        null,
        null,
        null,
        null,
        1,
        null,
        null,
        null,
        null,
        null
      ],
      "/home/renato/Área de Trabalho/code7even/app/models/technology.rb": [
        null,
        1,
        1,
        1,
        null,
        1,
        1,
        null,
        1,
        null,
        null,
        null,
        null,
        null,
        1,
        null,
        null,
        null,
        null,
        null,
        1,
        null,
        null,
        null,
        null,
        null
      ],
      "/home/renato/Área de Trabalho/code7even/app/policies/application_policy.rb": [
        0,
        0,
        null,
        0,
        0,
        0,
        0,
        null,
        0,
        0,
        0,
        null,
        0,
        0,
        0,
        null,
        0,
        0,
        0,
        null,
        0,
        0,
        0,
        null,
        0,
        0,
        0,
        null,
        0,
        0,
        0,
        null,
        0,
        0,
        0,
        null,
        0,
        0,
        0,
        null,
        0,
        0,
        null,
        0,
        0,
        0,
        0,
        null,
        0,
        0,
        0,
        0,
        0
      ],
      "/home/renato/Área de Trabalho/code7even/app/channels/application_cable/channel.rb": [
        0,
        0,
        0,
        0
      ],
      "/home/renato/Área de Trabalho/code7even/app/channels/application_cable/connection.rb": [
        0,
        0,
        0,
        0
      ],
      "/home/renato/Área de Trabalho/code7even/app/controllers/api/v1/posts_controller.rb": [
        0,
        0,
        null,
        0,
        0,
        0,
        0,
        0,
        0,
        0,
        0,
        0
      ],
      "/home/renato/Área de Trabalho/code7even/app/controllers/api/v1/partners_controller.rb": [
        0,
        0,
        null,
        0,
        0,
        0,
        0,
        0,
        0,
        0,
        0,
        0
      ],
      "/home/renato/Área de Trabalho/code7even/app/controllers/api/v1/technologies_controller.rb": [
        0,
        0,
        null,
        0,
        0,
        0,
        0,
        0,
        0,
        0,
        0,
        0
      ],
      "/home/renato/Área de Trabalho/code7even/app/models/contact.rb": [
        null,
        0,
        0,
        0,
        null,
        0,
        null,
        0,
        0,
        0,
        0,
        0,
        0,
        null,
        0,
        0,
        0,
        null,
        0,
        0,
        0,
        0,
        null,
        0,
        0,
        0,
        0,
        0,
        null,
        0,
        0,
        0,
        0,
        0,
        null,
        0,
        0,
        0,
        0,
        0,
        null,
        0,
        0,
        0,
        0,
        0,
        0
      ],
      "/home/renato/Área de Trabalho/code7even/app/jobs/application_job.rb": [
        0,
        0
      ]
    },
    "timestamp": 1514323769
  }
}
